<?xml version="1.0" encoding="UTF-8"?>
<!-- Generated by org.testng.reporters.JUnitReportReporter -->
<testsuite hostname="DESKTOP-9P43CVK" failures="0" tests="4" name="Interview.Infostretch.TestContactUs" time="4.571" errors="0" timestamp="18 May 2021 14:38:06 GMT">
  <testcase classname="Interview.Infostretch.TestContactUs" name="testCase7" time="0.892"/>
  <testcase classname="Interview.Infostretch.TestContactUs" name="testCase8" time="0.840"/>
  <testcase classname="Interview.Infostretch.TestContactUs" name="testCase6" time="1.812"/>
  <testcase classname="Interview.Infostretch.TestContactUs" name="testCase9" time="1.027"/>
</testsuite> <!-- Interview.Infostretch.TestContactUs -->
