<?xml version="1.0" encoding="UTF-8"?>
<!-- Generated by org.testng.reporters.JUnitReportReporter -->
<testsuite hostname="DESKTOP-9P43CVK" failures="0" tests="1" name="Interview.Infostretch.TestContactUsDataBase" time="0.028" errors="0" timestamp="18 May 2021 14:38:06 GMT">
  <testcase classname="Interview.Infostretch.TestContactUsDataBase" name="testCase9" time="0.028"/>
</testsuite> <!-- Interview.Infostretch.TestContactUsDataBase -->
