<?xml version="1.0" encoding="UTF-8"?>
<!-- Generated by org.testng.reporters.JUnitReportReporter -->
<testsuite hostname="DESKTOP-9P43CVK" failures="0" tests="5" name="Interview.Infostretch.TestHomePage" time="3.926" errors="0" timestamp="18 May 2021 14:38:06 GMT">
  <testcase classname="Interview.Infostretch.TestHomePage" name="testCase3" time="1.218"/>
  <testcase classname="Interview.Infostretch.TestHomePage" name="testCase1" time="0.937"/>
  <testcase classname="Interview.Infostretch.TestHomePage" name="testCase4" time="0.310"/>
  <testcase classname="Interview.Infostretch.TestHomePage" name="testCase5" time="0.831"/>
  <testcase classname="Interview.Infostretch.TestHomePage" name="testCase2" time="0.630"/>
</testsuite> <!-- Interview.Infostretch.TestHomePage -->
