<?xml version="1.0" encoding="UTF-8"?>
<!-- Generated by org.testng.reporters.JUnitReportReporter -->
<testsuite hostname="DESKTOP-9P43CVK" failures="0" tests="1" name="Interview.Infostretch.TestDataProvider" time="1.262" errors="0" timestamp="18 May 2021 14:11:51 GMT">
  <testcase classname="Interview.Infostretch.TestDataProvider" name="testCase9" time="1.262"/>
</testsuite> <!-- Interview.Infostretch.TestDataProvider -->
